<?xml version="1.0" encoding="UTF-8"?>
<testsuite xmlns:xsi="http://www.w3.org/2001/XMLSchema-instance" xsi:noNamespaceSchemaLocation="https://maven.apache.org/surefire/maven-surefire-plugin/xsd/surefire-test-report-3.0.xsd" version="3.0" name="com.springproyect.proyect.ProyectApplicationTests" time="90.872" tests="1" errors="0" skipped="0" failures="0">
  <properties>
[...]
</properties>
  <testcase name="contextLoads" classname="com.springproyect.proyect.ProyectApplicationTests" time="0.195">
    <system-out><![CDATA[10:47:34.491 [main] DEBUG org.springframework.boot.test.context.SpringBootTestContextBootstrapper - Neither @ContextConfiguration nor @ContextHierarchy found for test class [ProyectApplicationTests]: using SpringBootContextLoader
10:47:34.494 [main] DEBUG org.springframework.test.context.support.AbstractContextLoader - Could not detect default resource locations for test class [com.springproyect.proyect.ProyectApplicationTests]: no resource found for suffixes {-context.xml, Context.groovy}.
10:47:34.495 [main] INFO org.springframework.test.context.support.AnnotationConfigContextLoaderUtils - Could not detect default configuration classes for test class [com.springproyect.proyect.ProyectApplicationTests]: ProyectApplicationTests does not declare any static, non-private, non-final, nested classes annotated with @Configuration.
10:47:34.525 [main] DEBUG org.springframework.boot.test.context.SpringBootTestContextBootstrapper - Using ContextCustomizers for test class [ProyectApplicationTests]: [ExcludeFilterContextCustomizer, DuplicateJsonObjectContextCustomizer, MockitoContextCustomizer, TestRestTemplateContextCustomizer, DisableObservabilityContextCustomizer, PropertyMappingContextCustomizer, Customizer]
10:47:34.611 [main] DEBUG org.springframework.context.annotation.ClassPathScanningCandidateComponentProvider - Identified candidate component class: file [C:\Users\marti\OneDrive\Escritorio\trabajos actuales\argentina programa\Back End\personal_briefcase\proyect\target\classes\com\springproyect\ProyectApplication.class]
10:47:34.617 [main] INFO org.springframework.boot.test.context.SpringBootTestContextBootstrapper - Found @SpringBootConfiguration com.springproyect.ProyectApplication for test class com.springproyect.proyect.ProyectApplicationTests
10:47:34.740 [main] DEBUG org.springframework.boot.test.context.SpringBootTestContextBootstrapper - Using TestExecutionListeners for test class [ProyectApplicationTests]: [ServletTestExecutionListener, DirtiesContextBeforeModesTestExecutionListener, ApplicationEventsTestExecutionListener, MockitoTestExecutionListener, DependencyInjectionTestExecutionListener, DirtiesContextTestExecutionListener, TransactionalTestExecutionListener, SqlScriptsTestExecutionListener, EventPublishingTestExecutionListener, ResetMocksTestExecutionListener, RestDocsTestExecutionListener, MockRestServiceServerResetTestExecutionListener, MockMvcPrintOnlyOnFailureTestExecutionListener, WebDriverTestExecutionListener, MockWebServiceServerTestExecutionListener]
10:47:34.742 [main] DEBUG org.springframework.test.context.support.AbstractDirtiesContextTestExecutionListener - Before test class: class [ProyectApplicationTests], class annotated with @DirtiesContext [false] with mode [null]

  .   ____          _            __ _ _
 /\\ / ___'_ __ _ _(_)_ __  __ _ \ \ \ \
( ( )\___ | '_ | '_| | '_ \/ _` | \ \ \ \
 \\/  ___)| |_)| | | | | || (_| |  ) ) ) )
  '  |____| .__|_| |_|_| |_\__, | / / / /
 =========|_|==============|___/=/_/_/_/
 :: Spring Boot ::       (v3.0.1-SNAPSHOT)

2023-03-10T10:47:35.023-03:00  INFO 12108 --- [           main] c.s.proyect.ProyectApplicationTests      : Starting ProyectApplicationTests using Java 18.0.1.1 with PID 12108 (started by marti in C:\Users\marti\OneDrive\Escritorio\trabajos actuales\argentina programa\Back End\personal_briefcase\proyect)
2023-03-10T10:47:35.024-03:00  INFO 12108 --- [           main] c.s.proyect.ProyectApplicationTests      : No active profile set, falling back to 1 default profile: "default"
2023-03-10T10:47:35.726-03:00  INFO 12108 --- [           main] .s.d.r.c.RepositoryConfigurationDelegate : Bootstrapping Spring Data JPA repositories in DEFAULT mode.
2023-03-10T10:47:35.799-03:00  INFO 12108 --- [           main] .s.d.r.c.RepositoryConfigurationDelegate : Finished Spring Data repository scanning in 65 ms. Found 5 JPA repository interfaces.
2023-03-10T10:47:36.247-03:00  INFO 12108 --- [           main] o.hibernate.jpa.internal.util.LogHelper  : HHH000204: Processing PersistenceUnitInfo [name: default]
2023-03-10T10:47:36.300-03:00  INFO 12108 --- [           main] org.hibernate.Version                    : HHH000412: Hibernate ORM core version 6.1.6.Final
2023-03-10T10:47:36.453-03:00  WARN 12108 --- [           main] org.hibernate.orm.deprecation            : HHH90000021: Encountered deprecated setting [javax.persistence.sharedCache.mode], use [jakarta.persistence.sharedCache.mode] instead
2023-03-10T10:47:36.617-03:00  INFO 12108 --- [           main] com.zaxxer.hikari.HikariDataSource       : HikariPool-1 - Starting...
2023-03-10T10:47:39.562-03:00  INFO 12108 --- [           main] com.zaxxer.hikari.pool.HikariPool        : HikariPool-1 - Added connection com.mysql.cj.jdbc.ConnectionImpl@4af12a63
2023-03-10T10:47:39.567-03:00  INFO 12108 --- [           main] com.zaxxer.hikari.HikariDataSource       : HikariPool-1 - Start completed.
2023-03-10T10:47:40.009-03:00  INFO 12108 --- [           main] SQL dialect                              : HHH000400: Using dialect: org.hibernate.dialect.MySQLDialect
2023-03-10T10:49:04.105-03:00  INFO 12108 --- [           main] o.h.e.t.j.p.i.JtaPlatformInitiator       : HHH000490: Using JtaPlatform implementation: [org.hibernate.engine.transaction.jta.platform.internal.NoJtaPlatform]
2023-03-10T10:49:04.115-03:00  INFO 12108 --- [           main] j.LocalContainerEntityManagerFactoryBean : Initialized JPA EntityManagerFactory for persistence unit 'default'
2023-03-10T10:49:04.564-03:00  WARN 12108 --- [           main] JpaBaseConfiguration$JpaWebConfiguration : spring.jpa.open-in-view is enabled by default. Therefore, database queries may be performed during view rendering. Explicitly configure spring.jpa.open-in-view to disable this warning
2023-03-10T10:49:04.984-03:00  INFO 12108 --- [           main] c.s.proyect.ProyectApplicationTests      : Started ProyectApplicationTests in 90.203 seconds (process running for 91.214)
]]></system-out>
    <system-err><![CDATA[SLF4J: Class path contains multiple SLF4J providers.
SLF4J: Found provider [ch.qos.logback.classic.spi.LogbackServiceProvider@139982de]
SLF4J: Found provider [org.slf4j.nop.NOPServiceProvider@682b2fa]
SLF4J: Found provider [org.slf4j.jul.JULServiceProvider@217ed35e]
SLF4J: See https://www.slf4j.org/codes.html#multiple_bindings for an explanation.
SLF4J: Actual provider is of type [ch.qos.logback.classic.spi.LogbackServiceProvider@139982de]
]]></system-err>
  </testcase>
</testsuite>